Sat Oct 04 19:41:47 ICT 2014 Thread[qtp1046959542-10,5,main] Cleanup action starting
java.sql.SQLException: Database '/tmp/contactdb' not found.
	at org.apache.derby.impl.jdbc.SQLExceptionFactory.getSQLException(Unknown Source)
	at org.apache.derby.impl.jdbc.SQLExceptionFactory.getSQLException(Unknown Source)
	at org.apache.derby.impl.jdbc.Util.generateCsSQLException(Unknown Source)
	at org.apache.derby.impl.jdbc.Util.generateCsSQLException(Unknown Source)
	at org.apache.derby.impl.jdbc.EmbedConnection.newSQLException(Unknown Source)
	at org.apache.derby.impl.jdbc.EmbedConnection.handleDBNotFound(Unknown Source)
	at org.apache.derby.impl.jdbc.EmbedConnection.<init>(Unknown Source)
	at org.apache.derby.jdbc.InternalDriver.getNewEmbedConnection(Unknown Source)
	at org.apache.derby.jdbc.InternalDriver.connect(Unknown Source)
	at org.apache.derby.jdbc.InternalDriver.connect(Unknown Source)
	at org.apache.derby.jdbc.AutoloadedDriver.connect(Unknown Source)
	at java.sql.DriverManager.getConnection(DriverManager.java:571)
	at java.sql.DriverManager.getConnection(DriverManager.java:187)
	at org.eclipse.persistence.sessions.DefaultConnector.connect(DefaultConnector.java:98)
	at org.eclipse.persistence.sessions.DatasourceLogin.connectToDatasource(DatasourceLogin.java:162)
	at org.eclipse.persistence.internal.sessions.DatabaseSessionImpl.setOrDetectDatasource(DatabaseSessionImpl.java:204)
	at org.eclipse.persistence.internal.sessions.DatabaseSessionImpl.loginAndDetectDatasource(DatabaseSessionImpl.java:741)
	at org.eclipse.persistence.internal.jpa.EntityManagerFactoryProvider.login(EntityManagerFactoryProvider.java:239)
	at org.eclipse.persistence.internal.jpa.EntityManagerSetupImpl.deploy(EntityManagerSetupImpl.java:685)
	at org.eclipse.persistence.internal.jpa.EntityManagerFactoryDelegate.getAbstractSession(EntityManagerFactoryDelegate.java:204)
	at org.eclipse.persistence.internal.jpa.EntityManagerFactoryDelegate.createEntityManagerImpl(EntityManagerFactoryDelegate.java:304)
	at org.eclipse.persistence.internal.jpa.EntityManagerFactoryImpl.createEntityManagerImpl(EntityManagerFactoryImpl.java:336)
	at org.eclipse.persistence.internal.jpa.EntityManagerFactoryImpl.createEntityManager(EntityManagerFactoryImpl.java:302)
	at contact.service.jpa.JpaDaoFactory.<init>(JpaDaoFactory.java:40)
	at contact.service.DaoFactory.getInstance(DaoFactory.java:33)
	at contact.resource.ContactResource.<init>(ContactResource.java:45)
	at sun.reflect.NativeConstructorAccessorImpl.newInstance0(Native Method)
	at sun.reflect.NativeConstructorAccessorImpl.newInstance(NativeConstructorAccessorImpl.java:57)
	at sun.reflect.DelegatingConstructorAccessorImpl.newInstance(DelegatingConstructorAccessorImpl.java:45)
	at java.lang.reflect.Constructor.newInstance(Constructor.java:526)
	at org.glassfish.hk2.utilities.reflection.ReflectionHelper.makeMe(ReflectionHelper.java:1107)
	at org.jvnet.hk2.internal.ClazzCreator.createMe(ClazzCreator.java:274)
	at org.jvnet.hk2.internal.ClazzCreator.create(ClazzCreator.java:368)
	at org.jvnet.hk2.internal.SystemDescriptor.create(SystemDescriptor.java:461)
	at org.jvnet.hk2.internal.SingletonContext$1.compute(SingletonContext.java:114)
	at org.jvnet.hk2.internal.SingletonContext$1.compute(SingletonContext.java:102)
	at org.glassfish.hk2.utilities.cache.Cache$OriginThreadAwareFuture$1.call(Cache.java:97)
	at java.util.concurrent.FutureTask.run(FutureTask.java:262)
	at org.glassfish.hk2.utilities.cache.Cache$OriginThreadAwareFuture.run(Cache.java:154)
	at org.glassfish.hk2.utilities.cache.Cache.compute(Cache.java:199)
	at org.jvnet.hk2.internal.SingletonContext.findOrCreate(SingletonContext.java:153)
	at org.jvnet.hk2.internal.Utilities.createService(Utilities.java:2268)
	at org.jvnet.hk2.internal.ServiceLocatorImpl.internalGetService(ServiceLocatorImpl.java:690)
	at org.jvnet.hk2.internal.ServiceLocatorImpl.getService(ServiceLocatorImpl.java:655)
	at org.glassfish.jersey.internal.inject.Injections.getOrCreate(Injections.java:169)
	at org.glassfish.jersey.server.model.MethodHandler$ClassBasedMethodHandler.getInstance(MethodHandler.java:185)
	at org.glassfish.jersey.server.internal.routing.PushMethodHandlerRouter.apply(PushMethodHandlerRouter.java:74)
	at org.glassfish.jersey.server.internal.routing.RoutingStage._apply(RoutingStage.java:112)
	at org.glassfish.jersey.server.internal.routing.RoutingStage._apply(RoutingStage.java:115)
	at org.glassfish.jersey.server.internal.routing.RoutingStage._apply(RoutingStage.java:115)
	at org.glassfish.jersey.server.internal.routing.RoutingStage._apply(RoutingStage.java:115)
	at org.glassfish.jersey.server.internal.routing.RoutingStage.apply(RoutingStage.java:94)
	at org.glassfish.jersey.server.internal.routing.RoutingStage.apply(RoutingStage.java:63)
	at org.glassfish.jersey.process.internal.Stages.process(Stages.java:197)
	at org.glassfish.jersey.server.ServerRuntime$1.run(ServerRuntime.java:263)
	at org.glassfish.jersey.internal.Errors$1.call(Errors.java:271)
	at org.glassfish.jersey.internal.Errors$1.call(Errors.java:267)
	at org.glassfish.jersey.internal.Errors.process(Errors.java:315)
	at org.glassfish.jersey.internal.Errors.process(Errors.java:297)
	at org.glassfish.jersey.internal.Errors.process(Errors.java:267)
	at org.glassfish.jersey.process.internal.RequestScope.runInScope(RequestScope.java:297)
	at org.glassfish.jersey.server.ServerRuntime.process(ServerRuntime.java:254)
	at org.glassfish.jersey.server.ApplicationHandler.handle(ApplicationHandler.java:1030)
	at org.glassfish.jersey.servlet.WebComponent.service(WebComponent.java:373)
	at org.glassfish.jersey.servlet.ServletContainer.service(ServletContainer.java:381)
	at org.glassfish.jersey.servlet.ServletContainer.service(ServletContainer.java:344)
	at org.glassfish.jersey.servlet.ServletContainer.service(ServletContainer.java:221)
	at org.eclipse.jetty.servlet.ServletHolder.handle(ServletHolder.java:769)
	at org.eclipse.jetty.servlet.ServletHandler.doHandle(ServletHandler.java:585)
	at org.eclipse.jetty.server.session.SessionHandler.doHandle(SessionHandler.java:221)
	at org.eclipse.jetty.server.handler.ContextHandler.doHandle(ContextHandler.java:1125)
	at org.eclipse.jetty.servlet.ServletHandler.doScope(ServletHandler.java:515)
	at org.eclipse.jetty.server.session.SessionHandler.doScope(SessionHandler.java:185)
	at org.eclipse.jetty.server.handler.ContextHandler.doScope(ContextHandler.java:1059)
	at org.eclipse.jetty.server.handler.ScopedHandler.handle(ScopedHandler.java:141)
	at org.eclipse.jetty.server.handler.HandlerWrapper.handle(HandlerWrapper.java:97)
	at org.eclipse.jetty.server.Server.handle(Server.java:485)
	at org.eclipse.jetty.server.HttpChannel.handle(HttpChannel.java:290)
	at org.eclipse.jetty.server.HttpConnection.onFillable(HttpConnection.java:248)
	at org.eclipse.jetty.io.AbstractConnection$2.run(AbstractConnection.java:540)
	at org.eclipse.jetty.util.thread.QueuedThreadPool.runJob(QueuedThreadPool.java:606)
	at org.eclipse.jetty.util.thread.QueuedThreadPool$3.run(QueuedThreadPool.java:535)
	at java.lang.Thread.run(Thread.java:745)
Caused by: ERROR XJ004: Database '/tmp/contactdb' not found.
	at org.apache.derby.iapi.error.StandardException.newException(Unknown Source)
	at org.apache.derby.impl.jdbc.SQLExceptionFactory.wrapArgsForTransportAcrossDRDA(Unknown Source)
	... 83 more
============= begin nested exception, level (1) ===========
ERROR XJ004: Database '/tmp/contactdb' not found.
	at org.apache.derby.iapi.error.StandardException.newException(Unknown Source)
	at org.apache.derby.impl.jdbc.SQLExceptionFactory.wrapArgsForTransportAcrossDRDA(Unknown Source)
	at org.apache.derby.impl.jdbc.SQLExceptionFactory.getSQLException(Unknown Source)
	at org.apache.derby.impl.jdbc.SQLExceptionFactory.getSQLException(Unknown Source)
	at org.apache.derby.impl.jdbc.Util.generateCsSQLException(Unknown Source)
	at org.apache.derby.impl.jdbc.Util.generateCsSQLException(Unknown Source)
	at org.apache.derby.impl.jdbc.EmbedConnection.newSQLException(Unknown Source)
	at org.apache.derby.impl.jdbc.EmbedConnection.handleDBNotFound(Unknown Source)
	at org.apache.derby.impl.jdbc.EmbedConnection.<init>(Unknown Source)
	at org.apache.derby.jdbc.InternalDriver.getNewEmbedConnection(Unknown Source)
	at org.apache.derby.jdbc.InternalDriver.connect(Unknown Source)
	at org.apache.derby.jdbc.InternalDriver.connect(Unknown Source)
	at org.apache.derby.jdbc.AutoloadedDriver.connect(Unknown Source)
	at java.sql.DriverManager.getConnection(DriverManager.java:571)
	at java.sql.DriverManager.getConnection(DriverManager.java:187)
	at org.eclipse.persistence.sessions.DefaultConnector.connect(DefaultConnector.java:98)
	at org.eclipse.persistence.sessions.DatasourceLogin.connectToDatasource(DatasourceLogin.java:162)
	at org.eclipse.persistence.internal.sessions.DatabaseSessionImpl.setOrDetectDatasource(DatabaseSessionImpl.java:204)
	at org.eclipse.persistence.internal.sessions.DatabaseSessionImpl.loginAndDetectDatasource(DatabaseSessionImpl.java:741)
	at org.eclipse.persistence.internal.jpa.EntityManagerFactoryProvider.login(EntityManagerFactoryProvider.java:239)
	at org.eclipse.persistence.internal.jpa.EntityManagerSetupImpl.deploy(EntityManagerSetupImpl.java:685)
	at org.eclipse.persistence.internal.jpa.EntityManagerFactoryDelegate.getAbstractSession(EntityManagerFactoryDelegate.java:204)
	at org.eclipse.persistence.internal.jpa.EntityManagerFactoryDelegate.createEntityManagerImpl(EntityManagerFactoryDelegate.java:304)
	at org.eclipse.persistence.internal.jpa.EntityManagerFactoryImpl.createEntityManagerImpl(EntityManagerFactoryImpl.java:336)
	at org.eclipse.persistence.internal.jpa.EntityManagerFactoryImpl.createEntityManager(EntityManagerFactoryImpl.java:302)
	at contact.service.jpa.JpaDaoFactory.<init>(JpaDaoFactory.java:40)
	at contact.service.DaoFactory.getInstance(DaoFactory.java:33)
	at contact.resource.ContactResource.<init>(ContactResource.java:45)
	at sun.reflect.NativeConstructorAccessorImpl.newInstance0(Native Method)
	at sun.reflect.NativeConstructorAccessorImpl.newInstance(NativeConstructorAccessorImpl.java:57)
	at sun.reflect.DelegatingConstructorAccessorImpl.newInstance(DelegatingConstructorAccessorImpl.java:45)
	at java.lang.reflect.Constructor.newInstance(Constructor.java:526)
	at org.glassfish.hk2.utilities.reflection.ReflectionHelper.makeMe(ReflectionHelper.java:1107)
	at org.jvnet.hk2.internal.ClazzCreator.createMe(ClazzCreator.java:274)
	at org.jvnet.hk2.internal.ClazzCreator.create(ClazzCreator.java:368)
	at org.jvnet.hk2.internal.SystemDescriptor.create(SystemDescriptor.java:461)
	at org.jvnet.hk2.internal.SingletonContext$1.compute(SingletonContext.java:114)
	at org.jvnet.hk2.internal.SingletonContext$1.compute(SingletonContext.java:102)
	at org.glassfish.hk2.utilities.cache.Cache$OriginThreadAwareFuture$1.call(Cache.java:97)
	at java.util.concurrent.FutureTask.run(FutureTask.java:262)
	at org.glassfish.hk2.utilities.cache.Cache$OriginThreadAwareFuture.run(Cache.java:154)
	at org.glassfish.hk2.utilities.cache.Cache.compute(Cache.java:199)
	at org.jvnet.hk2.internal.SingletonContext.findOrCreate(SingletonContext.java:153)
	at org.jvnet.hk2.internal.Utilities.createService(Utilities.java:2268)
	at org.jvnet.hk2.internal.ServiceLocatorImpl.internalGetService(ServiceLocatorImpl.java:690)
	at org.jvnet.hk2.internal.ServiceLocatorImpl.getService(ServiceLocatorImpl.java:655)
	at org.glassfish.jersey.internal.inject.Injections.getOrCreate(Injections.java:169)
	at org.glassfish.jersey.server.model.MethodHandler$ClassBasedMethodHandler.getInstance(MethodHandler.java:185)
	at org.glassfish.jersey.server.internal.routing.PushMethodHandlerRouter.apply(PushMethodHandlerRouter.java:74)
	at org.glassfish.jersey.server.internal.routing.RoutingStage._apply(RoutingStage.java:112)
	at org.glassfish.jersey.server.internal.routing.RoutingStage._apply(RoutingStage.java:115)
	at org.glassfish.jersey.server.internal.routing.RoutingStage._apply(RoutingStage.java:115)
	at org.glassfish.jersey.server.internal.routing.RoutingStage._apply(RoutingStage.java:115)
	at org.glassfish.jersey.server.internal.routing.RoutingStage.apply(RoutingStage.java:94)
	at org.glassfish.jersey.server.internal.routing.RoutingStage.apply(RoutingStage.java:63)
	at org.glassfish.jersey.process.internal.Stages.process(Stages.java:197)
	at org.glassfish.jersey.server.ServerRuntime$1.run(ServerRuntime.java:263)
	at org.glassfish.jersey.internal.Errors$1.call(Errors.java:271)
	at org.glassfish.jersey.internal.Errors$1.call(Errors.java:267)
	at org.glassfish.jersey.internal.Errors.process(Errors.java:315)
	at org.glassfish.jersey.internal.Errors.process(Errors.java:297)
	at org.glassfish.jersey.internal.Errors.process(Errors.java:267)
	at org.glassfish.jersey.process.internal.RequestScope.runInScope(RequestScope.java:297)
	at org.glassfish.jersey.server.ServerRuntime.process(ServerRuntime.java:254)
	at org.glassfish.jersey.server.ApplicationHandler.handle(ApplicationHandler.java:1030)
	at org.glassfish.jersey.servlet.WebComponent.service(WebComponent.java:373)
	at org.glassfish.jersey.servlet.ServletContainer.service(ServletContainer.java:381)
	at org.glassfish.jersey.servlet.ServletContainer.service(ServletContainer.java:344)
	at org.glassfish.jersey.servlet.ServletContainer.service(ServletContainer.java:221)
	at org.eclipse.jetty.servlet.ServletHolder.handle(ServletHolder.java:769)
	at org.eclipse.jetty.servlet.ServletHandler.doHandle(ServletHandler.java:585)
	at org.eclipse.jetty.server.session.SessionHandler.doHandle(SessionHandler.java:221)
	at org.eclipse.jetty.server.handler.ContextHandler.doHandle(ContextHandler.java:1125)
	at org.eclipse.jetty.servlet.ServletHandler.doScope(ServletHandler.java:515)
	at org.eclipse.jetty.server.session.SessionHandler.doScope(SessionHandler.java:185)
	at org.eclipse.jetty.server.handler.ContextHandler.doScope(ContextHandler.java:1059)
	at org.eclipse.jetty.server.handler.ScopedHandler.handle(ScopedHandler.java:141)
	at org.eclipse.jetty.server.handler.HandlerWrapper.handle(HandlerWrapper.java:97)
	at org.eclipse.jetty.server.Server.handle(Server.java:485)
	at org.eclipse.jetty.server.HttpChannel.handle(HttpChannel.java:290)
	at org.eclipse.jetty.server.HttpConnection.onFillable(HttpConnection.java:248)
	at org.eclipse.jetty.io.AbstractConnection$2.run(AbstractConnection.java:540)
	at org.eclipse.jetty.util.thread.QueuedThreadPool.runJob(QueuedThreadPool.java:606)
	at org.eclipse.jetty.util.thread.QueuedThreadPool$3.run(QueuedThreadPool.java:535)
	at java.lang.Thread.run(Thread.java:745)
============= end nested exception, level (1) ===========
Cleanup action completed
Sat Oct 04 19:41:47 ICT 2014 Thread[qtp1046959542-10,5,main] Cleanup action starting
java.sql.SQLException: Database '/tmp/contactdb' not found.
	at org.apache.derby.impl.jdbc.SQLExceptionFactory.getSQLException(Unknown Source)
	at org.apache.derby.impl.jdbc.SQLExceptionFactory.getSQLException(Unknown Source)
	at org.apache.derby.impl.jdbc.Util.generateCsSQLException(Unknown Source)
	at org.apache.derby.impl.jdbc.Util.generateCsSQLException(Unknown Source)
	at org.apache.derby.impl.jdbc.EmbedConnection.newSQLException(Unknown Source)
	at org.apache.derby.impl.jdbc.EmbedConnection.handleDBNotFound(Unknown Source)
	at org.apache.derby.impl.jdbc.EmbedConnection.<init>(Unknown Source)
	at org.apache.derby.jdbc.InternalDriver.getNewEmbedConnection(Unknown Source)
	at org.apache.derby.jdbc.InternalDriver.connect(Unknown Source)
	at org.apache.derby.jdbc.InternalDriver.connect(Unknown Source)
	at org.apache.derby.jdbc.EmbeddedDriver.connect(Unknown Source)
	at org.eclipse.persistence.sessions.DefaultConnector.directConnect(DefaultConnector.java:165)
	at org.eclipse.persistence.sessions.DefaultConnector.connect(DefaultConnector.java:117)
	at org.eclipse.persistence.sessions.DatasourceLogin.connectToDatasource(DatasourceLogin.java:162)
	at org.eclipse.persistence.internal.sessions.DatabaseSessionImpl.setOrDetectDatasource(DatabaseSessionImpl.java:204)
	at org.eclipse.persistence.internal.sessions.DatabaseSessionImpl.loginAndDetectDatasource(DatabaseSessionImpl.java:741)
	at org.eclipse.persistence.internal.jpa.EntityManagerFactoryProvider.login(EntityManagerFactoryProvider.java:239)
	at org.eclipse.persistence.internal.jpa.EntityManagerSetupImpl.deploy(EntityManagerSetupImpl.java:685)
	at org.eclipse.persistence.internal.jpa.EntityManagerFactoryDelegate.getAbstractSession(EntityManagerFactoryDelegate.java:204)
	at org.eclipse.persistence.internal.jpa.EntityManagerFactoryDelegate.createEntityManagerImpl(EntityManagerFactoryDelegate.java:304)
	at org.eclipse.persistence.internal.jpa.EntityManagerFactoryImpl.createEntityManagerImpl(EntityManagerFactoryImpl.java:336)
	at org.eclipse.persistence.internal.jpa.EntityManagerFactoryImpl.createEntityManager(EntityManagerFactoryImpl.java:302)
	at contact.service.jpa.JpaDaoFactory.<init>(JpaDaoFactory.java:40)
	at contact.service.DaoFactory.getInstance(DaoFactory.java:33)
	at contact.resource.ContactResource.<init>(ContactResource.java:45)
	at sun.reflect.NativeConstructorAccessorImpl.newInstance0(Native Method)
	at sun.reflect.NativeConstructorAccessorImpl.newInstance(NativeConstructorAccessorImpl.java:57)
	at sun.reflect.DelegatingConstructorAccessorImpl.newInstance(DelegatingConstructorAccessorImpl.java:45)
	at java.lang.reflect.Constructor.newInstance(Constructor.java:526)
	at org.glassfish.hk2.utilities.reflection.ReflectionHelper.makeMe(ReflectionHelper.java:1107)
	at org.jvnet.hk2.internal.ClazzCreator.createMe(ClazzCreator.java:274)
	at org.jvnet.hk2.internal.ClazzCreator.create(ClazzCreator.java:368)
	at org.jvnet.hk2.internal.SystemDescriptor.create(SystemDescriptor.java:461)
	at org.jvnet.hk2.internal.SingletonContext$1.compute(SingletonContext.java:114)
	at org.jvnet.hk2.internal.SingletonContext$1.compute(SingletonContext.java:102)
	at org.glassfish.hk2.utilities.cache.Cache$OriginThreadAwareFuture$1.call(Cache.java:97)
	at java.util.concurrent.FutureTask.run(FutureTask.java:262)
	at org.glassfish.hk2.utilities.cache.Cache$OriginThreadAwareFuture.run(Cache.java:154)
	at org.glassfish.hk2.utilities.cache.Cache.compute(Cache.java:199)
	at org.jvnet.hk2.internal.SingletonContext.findOrCreate(SingletonContext.java:153)
	at org.jvnet.hk2.internal.Utilities.createService(Utilities.java:2268)
	at org.jvnet.hk2.internal.ServiceLocatorImpl.internalGetService(ServiceLocatorImpl.java:690)
	at org.jvnet.hk2.internal.ServiceLocatorImpl.getService(ServiceLocatorImpl.java:655)
	at org.glassfish.jersey.internal.inject.Injections.getOrCreate(Injections.java:169)
	at org.glassfish.jersey.server.model.MethodHandler$ClassBasedMethodHandler.getInstance(MethodHandler.java:185)
	at org.glassfish.jersey.server.internal.routing.PushMethodHandlerRouter.apply(PushMethodHandlerRouter.java:74)
	at org.glassfish.jersey.server.internal.routing.RoutingStage._apply(RoutingStage.java:112)
	at org.glassfish.jersey.server.internal.routing.RoutingStage._apply(RoutingStage.java:115)
	at org.glassfish.jersey.server.internal.routing.RoutingStage._apply(RoutingStage.java:115)
	at org.glassfish.jersey.server.internal.routing.RoutingStage._apply(RoutingStage.java:115)
	at org.glassfish.jersey.server.internal.routing.RoutingStage.apply(RoutingStage.java:94)
	at org.glassfish.jersey.server.internal.routing.RoutingStage.apply(RoutingStage.java:63)
	at org.glassfish.jersey.process.internal.Stages.process(Stages.java:197)
	at org.glassfish.jersey.server.ServerRuntime$1.run(ServerRuntime.java:263)
	at org.glassfish.jersey.internal.Errors$1.call(Errors.java:271)
	at org.glassfish.jersey.internal.Errors$1.call(Errors.java:267)
	at org.glassfish.jersey.internal.Errors.process(Errors.java:315)
	at org.glassfish.jersey.internal.Errors.process(Errors.java:297)
	at org.glassfish.jersey.internal.Errors.process(Errors.java:267)
	at org.glassfish.jersey.process.internal.RequestScope.runInScope(RequestScope.java:297)
	at org.glassfish.jersey.server.ServerRuntime.process(ServerRuntime.java:254)
	at org.glassfish.jersey.server.ApplicationHandler.handle(ApplicationHandler.java:1030)
	at org.glassfish.jersey.servlet.WebComponent.service(WebComponent.java:373)
	at org.glassfish.jersey.servlet.ServletContainer.service(ServletContainer.java:381)
	at org.glassfish.jersey.servlet.ServletContainer.service(ServletContainer.java:344)
	at org.glassfish.jersey.servlet.ServletContainer.service(ServletContainer.java:221)
	at org.eclipse.jetty.servlet.ServletHolder.handle(ServletHolder.java:769)
	at org.eclipse.jetty.servlet.ServletHandler.doHandle(ServletHandler.java:585)
	at org.eclipse.jetty.server.session.SessionHandler.doHandle(SessionHandler.java:221)
	at org.eclipse.jetty.server.handler.ContextHandler.doHandle(ContextHandler.java:1125)
	at org.eclipse.jetty.servlet.ServletHandler.doScope(ServletHandler.java:515)
	at org.eclipse.jetty.server.session.SessionHandler.doScope(SessionHandler.java:185)
	at org.eclipse.jetty.server.handler.ContextHandler.doScope(ContextHandler.java:1059)
	at org.eclipse.jetty.server.handler.ScopedHandler.handle(ScopedHandler.java:141)
	at org.eclipse.jetty.server.handler.HandlerWrapper.handle(HandlerWrapper.java:97)
	at org.eclipse.jetty.server.Server.handle(Server.java:485)
	at org.eclipse.jetty.server.HttpChannel.handle(HttpChannel.java:290)
	at org.eclipse.jetty.server.HttpConnection.onFillable(HttpConnection.java:248)
	at org.eclipse.jetty.io.AbstractConnection$2.run(AbstractConnection.java:540)
	at org.eclipse.jetty.util.thread.QueuedThreadPool.runJob(QueuedThreadPool.java:606)
	at org.eclipse.jetty.util.thread.QueuedThreadPool$3.run(QueuedThreadPool.java:535)
	at java.lang.Thread.run(Thread.java:745)
Caused by: ERROR XJ004: Database '/tmp/contactdb' not found.
	at org.apache.derby.iapi.error.StandardException.newException(Unknown Source)
	at org.apache.derby.impl.jdbc.SQLExceptionFactory.wrapArgsForTransportAcrossDRDA(Unknown Source)
	... 82 more
============= begin nested exception, level (1) ===========
ERROR XJ004: Database '/tmp/contactdb' not found.
	at org.apache.derby.iapi.error.StandardException.newException(Unknown Source)
	at org.apache.derby.impl.jdbc.SQLExceptionFactory.wrapArgsForTransportAcrossDRDA(Unknown Source)
	at org.apache.derby.impl.jdbc.SQLExceptionFactory.getSQLException(Unknown Source)
	at org.apache.derby.impl.jdbc.SQLExceptionFactory.getSQLException(Unknown Source)
	at org.apache.derby.impl.jdbc.Util.generateCsSQLException(Unknown Source)
	at org.apache.derby.impl.jdbc.Util.generateCsSQLException(Unknown Source)
	at org.apache.derby.impl.jdbc.EmbedConnection.newSQLException(Unknown Source)
	at org.apache.derby.impl.jdbc.EmbedConnection.handleDBNotFound(Unknown Source)
	at org.apache.derby.impl.jdbc.EmbedConnection.<init>(Unknown Source)
	at org.apache.derby.jdbc.InternalDriver.getNewEmbedConnection(Unknown Source)
	at org.apache.derby.jdbc.InternalDriver.connect(Unknown Source)
	at org.apache.derby.jdbc.InternalDriver.connect(Unknown Source)
	at org.apache.derby.jdbc.EmbeddedDriver.connect(Unknown Source)
	at org.eclipse.persistence.sessions.DefaultConnector.directConnect(DefaultConnector.java:165)
	at org.eclipse.persistence.sessions.DefaultConnector.connect(DefaultConnector.java:117)
	at org.eclipse.persistence.sessions.DatasourceLogin.connectToDatasource(DatasourceLogin.java:162)
	at org.eclipse.persistence.internal.sessions.DatabaseSessionImpl.setOrDetectDatasource(DatabaseSessionImpl.java:204)
	at org.eclipse.persistence.internal.sessions.DatabaseSessionImpl.loginAndDetectDatasource(DatabaseSessionImpl.java:741)
	at org.eclipse.persistence.internal.jpa.EntityManagerFactoryProvider.login(EntityManagerFactoryProvider.java:239)
	at org.eclipse.persistence.internal.jpa.EntityManagerSetupImpl.deploy(EntityManagerSetupImpl.java:685)
	at org.eclipse.persistence.internal.jpa.EntityManagerFactoryDelegate.getAbstractSession(EntityManagerFactoryDelegate.java:204)
	at org.eclipse.persistence.internal.jpa.EntityManagerFactoryDelegate.createEntityManagerImpl(EntityManagerFactoryDelegate.java:304)
	at org.eclipse.persistence.internal.jpa.EntityManagerFactoryImpl.createEntityManagerImpl(EntityManagerFactoryImpl.java:336)
	at org.eclipse.persistence.internal.jpa.EntityManagerFactoryImpl.createEntityManager(EntityManagerFactoryImpl.java:302)
	at contact.service.jpa.JpaDaoFactory.<init>(JpaDaoFactory.java:40)
	at contact.service.DaoFactory.getInstance(DaoFactory.java:33)
	at contact.resource.ContactResource.<init>(ContactResource.java:45)
	at sun.reflect.NativeConstructorAccessorImpl.newInstance0(Native Method)
	at sun.reflect.NativeConstructorAccessorImpl.newInstance(NativeConstructorAccessorImpl.java:57)
	at sun.reflect.DelegatingConstructorAccessorImpl.newInstance(DelegatingConstructorAccessorImpl.java:45)
	at java.lang.reflect.Constructor.newInstance(Constructor.java:526)
	at org.glassfish.hk2.utilities.reflection.ReflectionHelper.makeMe(ReflectionHelper.java:1107)
	at org.jvnet.hk2.internal.ClazzCreator.createMe(ClazzCreator.java:274)
	at org.jvnet.hk2.internal.ClazzCreator.create(ClazzCreator.java:368)
	at org.jvnet.hk2.internal.SystemDescriptor.create(SystemDescriptor.java:461)
	at org.jvnet.hk2.internal.SingletonContext$1.compute(SingletonContext.java:114)
	at org.jvnet.hk2.internal.SingletonContext$1.compute(SingletonContext.java:102)
	at org.glassfish.hk2.utilities.cache.Cache$OriginThreadAwareFuture$1.call(Cache.java:97)
	at java.util.concurrent.FutureTask.run(FutureTask.java:262)
	at org.glassfish.hk2.utilities.cache.Cache$OriginThreadAwareFuture.run(Cache.java:154)
	at org.glassfish.hk2.utilities.cache.Cache.compute(Cache.java:199)
	at org.jvnet.hk2.internal.SingletonContext.findOrCreate(SingletonContext.java:153)
	at org.jvnet.hk2.internal.Utilities.createService(Utilities.java:2268)
	at org.jvnet.hk2.internal.ServiceLocatorImpl.internalGetService(ServiceLocatorImpl.java:690)
	at org.jvnet.hk2.internal.ServiceLocatorImpl.getService(ServiceLocatorImpl.java:655)
	at org.glassfish.jersey.internal.inject.Injections.getOrCreate(Injections.java:169)
	at org.glassfish.jersey.server.model.MethodHandler$ClassBasedMethodHandler.getInstance(MethodHandler.java:185)
	at org.glassfish.jersey.server.internal.routing.PushMethodHandlerRouter.apply(PushMethodHandlerRouter.java:74)
	at org.glassfish.jersey.server.internal.routing.RoutingStage._apply(RoutingStage.java:112)
	at org.glassfish.jersey.server.internal.routing.RoutingStage._apply(RoutingStage.java:115)
	at org.glassfish.jersey.server.internal.routing.RoutingStage._apply(RoutingStage.java:115)
	at org.glassfish.jersey.server.internal.routing.RoutingStage._apply(RoutingStage.java:115)
	at org.glassfish.jersey.server.internal.routing.RoutingStage.apply(RoutingStage.java:94)
	at org.glassfish.jersey.server.internal.routing.RoutingStage.apply(RoutingStage.java:63)
	at org.glassfish.jersey.process.internal.Stages.process(Stages.java:197)
	at org.glassfish.jersey.server.ServerRuntime$1.run(ServerRuntime.java:263)
	at org.glassfish.jersey.internal.Errors$1.call(Errors.java:271)
	at org.glassfish.jersey.internal.Errors$1.call(Errors.java:267)
	at org.glassfish.jersey.internal.Errors.process(Errors.java:315)
	at org.glassfish.jersey.internal.Errors.process(Errors.java:297)
	at org.glassfish.jersey.internal.Errors.process(Errors.java:267)
	at org.glassfish.jersey.process.internal.RequestScope.runInScope(RequestScope.java:297)
	at org.glassfish.jersey.server.ServerRuntime.process(ServerRuntime.java:254)
	at org.glassfish.jersey.server.ApplicationHandler.handle(ApplicationHandler.java:1030)
	at org.glassfish.jersey.servlet.WebComponent.service(WebComponent.java:373)
	at org.glassfish.jersey.servlet.ServletContainer.service(ServletContainer.java:381)
	at org.glassfish.jersey.servlet.ServletContainer.service(ServletContainer.java:344)
	at org.glassfish.jersey.servlet.ServletContainer.service(ServletContainer.java:221)
	at org.eclipse.jetty.servlet.ServletHolder.handle(ServletHolder.java:769)
	at org.eclipse.jetty.servlet.ServletHandler.doHandle(ServletHandler.java:585)
	at org.eclipse.jetty.server.session.SessionHandler.doHandle(SessionHandler.java:221)
	at org.eclipse.jetty.server.handler.ContextHandler.doHandle(ContextHandler.java:1125)
	at org.eclipse.jetty.servlet.ServletHandler.doScope(ServletHandler.java:515)
	at org.eclipse.jetty.server.session.SessionHandler.doScope(SessionHandler.java:185)
	at org.eclipse.jetty.server.handler.ContextHandler.doScope(ContextHandler.java:1059)
	at org.eclipse.jetty.server.handler.ScopedHandler.handle(ScopedHandler.java:141)
	at org.eclipse.jetty.server.handler.HandlerWrapper.handle(HandlerWrapper.java:97)
	at org.eclipse.jetty.server.Server.handle(Server.java:485)
	at org.eclipse.jetty.server.HttpChannel.handle(HttpChannel.java:290)
	at org.eclipse.jetty.server.HttpConnection.onFillable(HttpConnection.java:248)
	at org.eclipse.jetty.io.AbstractConnection$2.run(AbstractConnection.java:540)
	at org.eclipse.jetty.util.thread.QueuedThreadPool.runJob(QueuedThreadPool.java:606)
	at org.eclipse.jetty.util.thread.QueuedThreadPool$3.run(QueuedThreadPool.java:535)
	at java.lang.Thread.run(Thread.java:745)
============= end nested exception, level (1) ===========
Cleanup action completed
